<?xml version="1.0" encoding="UTF-8"?>
<!-- Generated by org.testng.reporters.JUnitXMLReporter -->
<testsuite ignored="2" hostname="DESKTOP-LSR42U7" failures="0" tests="2" name="Test" time="48.944" errors="0" timestamp="2024-05-02T17:01:18 IST">
  <testcase classname="regressionTestCases2.Verify_theHotelsAsPer_SeletedLocation" name="Verify_TC104" time="25.491"/>
  <testcase classname="regressionTestCases2.ValidateLoginandSearchpage" name="validate_Login_TC101" time="5.386"/>
  <testcase classname="base.BaseTest" name="@BeforeTest start" time="0.0">
    <ignored/>
  </testcase> <!-- @BeforeTest start -->
  <testcase classname="base.BaseTest" name="@AfterTest FinalReports" time="0.0">
    <ignored/>
  </testcase> <!-- @AfterTest FinalReports -->
</testsuite> <!-- Test -->
