<?xml version="1.0" encoding="UTF-8"?>
<testng-results ignored="0" total="1" passed="1" failed="0" skipped="0">
  <reporter-output>
  </reporter-output>
  <suite started-at="2024-05-04T16:14:54 IST" name="Default suite" finished-at="2024-05-04T16:15:09 IST" duration-ms="14974">
    <groups>
    </groups>
    <test started-at="2024-05-04T16:14:54 IST" name="Default test" finished-at="2024-05-04T16:15:09 IST" duration-ms="14974">
      <class name="regressionTestCases2.ValidateLoginandSearchpage">
        <test-method is-config="true" signature="start()[pri:0, instance:regressionTestCases2.ValidateLoginandSearchpage@66ea810]" started-at="2024-05-04T16:14:55 IST" name="start" finished-at="2024-05-04T16:14:55 IST" duration-ms="673" status="PASS">
          <reporter-output>
          </reporter-output>
        </test-method> <!-- start -->
        <test-method is-config="true" signature="Broswer(org.testng.ITestContext)[pri:0, instance:regressionTestCases2.ValidateLoginandSearchpage@66ea810]" started-at="2024-05-04T16:14:55 IST" name="Broswer" finished-at="2024-05-04T16:15:00 IST" duration-ms="5000" status="PASS">
          <params>
            <param index="0">
              <value>
                <![CDATA[org.testng.TestRunner@69aa7d76]]>
              </value>
            </param>
          </params>
          <reporter-output>
          </reporter-output>
        </test-method> <!-- Broswer -->
        <test-method signature="validate_Login_TC101()[pri:0, instance:regressionTestCases2.ValidateLoginandSearchpage@66ea810]" started-at="2024-05-04T16:15:00 IST" name="validate_Login_TC101" finished-at="2024-05-04T16:15:06 IST" duration-ms="5584" status="PASS">
          <reporter-output>
          </reporter-output>
        </test-method> <!-- validate_Login_TC101 -->
        <test-method is-config="true" signature="Finish()[pri:0, instance:regressionTestCases2.ValidateLoginandSearchpage@66ea810]" started-at="2024-05-04T16:15:06 IST" name="Finish" finished-at="2024-05-04T16:15:09 IST" duration-ms="3228" status="PASS">
          <reporter-output>
          </reporter-output>
        </test-method> <!-- Finish -->
        <test-method is-config="true" signature="FinalReports()[pri:0, instance:regressionTestCases2.ValidateLoginandSearchpage@66ea810]" started-at="2024-05-04T16:15:09 IST" name="FinalReports" finished-at="2024-05-04T16:15:09 IST" duration-ms="388" status="PASS">
          <reporter-output>
          </reporter-output>
        </test-method> <!-- FinalReports -->
      </class> <!-- regressionTestCases2.ValidateLoginandSearchpage -->
    </test> <!-- Default test -->
  </suite> <!-- Default suite -->
</testng-results>
